<?xml version="1.0" encoding="UTF-8"?>
<testsuites name="Mocha Tests" time="3.730" tests="2" failures="0">
  <testsuite name="Root Suite" timestamp="2025-08-10T16:03:59" tests="0" file="cypress\e2e\ui-tests\productsUiTest.cy.js" time="0.000" failures="0">
  </testsuite>
  <testsuite name="Fake Store - Products UI Tests" timestamp="2025-08-10T16:03:59" tests="2" time="3.728" failures="0">
    <testcase name="Fake Store - Products UI Tests Test 1: Login with standard user and verify default sorting is correct" time="2.490" classname="Test 1: Login with standard user and verify default sorting is correct">
    </testcase>
    <testcase name="Fake Store - Products UI Tests Test 2: Sort products by Name (Z to A) and verify order is correct" time="1.105" classname="Test 2: Sort products by Name (Z to A) and verify order is correct">
    </testcase>
  </testsuite>
</testsuites>