<?xml version="1.0" encoding="UTF-8"?>
<testsuites name="Mocha Tests" time="3.757" tests="2" failures="0">
  <testsuite name="Root Suite" timestamp="2025-08-10T14:58:16" tests="0" file="cypress\e2e\ui-tests\productsUiTest.cy.js" time="0.000" failures="0">
  </testsuite>
  <testsuite name="Fake Store - Products UI Tests" timestamp="2025-08-10T14:58:16" tests="2" time="3.755" failures="0">
    <testcase name="Fake Store - Products UI Tests Login with standard user and verify default sorting is correct" time="2.330" classname="Login with standard user and verify default sorting is correct">
    </testcase>
    <testcase name="Fake Store - Products UI Tests Sort products by Name (Z to A) and verify order is correct" time="1.309" classname="Sort products by Name (Z to A) and verify order is correct">
    </testcase>
  </testsuite>
</testsuites>